Sencha Cmd 6.5.1.240 - Crash report
================================================
An error occurred while executing the following command: app watch

Diagnostic information:
=======================
                      app.bootstrap.base : /Applications/MAMP/htdocs/PowerUmzug/build/development/PowerUmzug
                        app.cache.deltas : true                                              
                        app.cache.enable : false                                             
                          app.compressor : null                                              
                          app.config.dir : /Users/eugenmilo/bin/Sencha/Cmd/6.5.1.240/ant/build/app
                app.cordova.cache.enable : false                                             
                   app.cordova.config.id : com.domain.PowerUmzug                             
                 app.cordova.config.name : PowerUmzug                                        
                 app.cordova.config.path : /Applications/MAMP/htdocs/PowerUmzug/build/development/PowerUmzug/cordova
               app.cordova.config.target :                                                   
              app.cordova.config.verbose : false                                             
                   app.cordova.js.0.path : cordova.js                                        
               app.cordova.js.0.priority : 1000                                              
                 app.cordova.js.0.remote : true                                              
                   app.cordova.js.length : 1                                                 
                 app.cordova.microloader : /Users/eugenmilo/bin/Sencha/Cmd/6.5.1.240/ant/build/app/Microloader.js
      app.cordova.output.appCache.enable : false                                             
                 app.cordova.output.base : /Applications/MAMP/htdocs/PowerUmzug/build/development/PowerUmzug/cordova/www
             app.cordova.output.manifest : ${build.id}.json                                  
                 app.cordova.output.page : index.html                                        
                                 app.dir : /Applications/MAMP/htdocs/PowerUmzug/build/development/PowerUmzug
              app.fashion.inliner.enable : false                                             
           app.fashion.missingParameters : error                                             
                           app.framework : ext                                               
                                app.hash : bdf9a5e255deb4accfa977330d21d527181aadf9          
                                  app.id : 93e3f05d-57fe-42fd-a627-23d11b8285e2              
                       app.indexHtmlPath : index.html                                        
                        app.loader.cache : false                                             
                   app.loader.cacheParam : _dc                                               
                              app.locale : de                                                
                                app.name : PowerUmzug                                        
                           app.namespace : PowerUmzug                                        
              app.output.appCache.enable : false                                             
                         app.output.base : /Applications/MAMP/htdocs/PowerUmzug/build/${build.environment}/PowerUmzug
           app.output.microloader.enable : true                                              
                app.packages.classic.css : true                                              
           app.packages.classic.included : true                                              
          app.packages.classic.namespace : Ext                                               
           app.packages.classic.required : true                                              
           app.packages.classic.requires : ext,core                                          
         app.packages.classic.requires.0 : ext                                               
         app.packages.classic.requires.1 : core                                              
    app.packages.classic.requires.length : 2                                                 
            app.packages.classic.version : 6.5.1.345                                         
                app.packages.cmd.version : 6.5.1.240                                         
                   app.packages.core.css : true                                              
              app.packages.core.included : true                                              
              app.packages.core.required : true                                              
              app.packages.core.requires : ext,classic                                       
            app.packages.core.requires.0 : ext                                               
            app.packages.core.requires.1 : classic                                           
       app.packages.core.requires.length : 2                                                 
               app.packages.core.version : 6.5.1.345                                         
                    app.packages.ext.css : true                                              
               app.packages.ext.included : true                                              
                app.packages.ext.license : commercial                                        
              app.packages.ext.namespace : Ext                                               
               app.packages.ext.required : true                                              
               app.packages.ext.requires :                                                   
        app.packages.ext.requires.length : 0                                                 
                app.packages.ext.version : 6.5.1.345                                         
           app.packages.font-awesome.css : true                                              
      app.packages.font-awesome.included : true                                              
     app.packages.font-awesome.namespace : Ext                                               
      app.packages.font-awesome.required : true                                              
      app.packages.font-awesome.requires : ext,core,classic,theme-base,theme-neutral,theme-neptune
    app.packages.font-awesome.requires.0 : ext                                               
    app.packages.font-awesome.requires.1 : core                                              
    app.packages.font-awesome.requires.2 : classic                                           
    app.packages.font-awesome.requires.3 : theme-base                                        
    app.packages.font-awesome.requires.4 : theme-neutral                                     
    app.packages.font-awesome.requires.5 : theme-neptune                                     
app.packages.font-awesome.requires.length : 6                                                 
         app.packages.font-awesome.theme : theme-neptune                                     
       app.packages.font-awesome.version : 6.5.1.345                                         
                 app.packages.locale.css : true                                              
            app.packages.locale.included : true                                              
           app.packages.locale.namespace : Ext                                               
            app.packages.locale.required : true                                              
            app.packages.locale.requires : ext,core,classic                                  
          app.packages.locale.requires.0 : ext                                               
          app.packages.locale.requires.1 : core                                              
          app.packages.locale.requires.2 : classic                                           
     app.packages.locale.requires.length : 3                                                 
             app.packages.locale.version : 6.5.1.345                                         
                     app.packages.pu.css : true                                              
                  app.packages.pu.extend : theme-neptune                                     
                app.packages.pu.included : true                                              
               app.packages.pu.namespace : Ext                                               
                app.packages.pu.required : true                                              
                app.packages.pu.requires : ext,core,classic,theme-base,theme-neutral,theme-neptune
              app.packages.pu.requires.0 : ext                                               
              app.packages.pu.requires.1 : core                                              
              app.packages.pu.requires.2 : classic                                           
              app.packages.pu.requires.3 : theme-base                                        
              app.packages.pu.requires.4 : theme-neutral                                     
              app.packages.pu.requires.5 : theme-neptune                                     
         app.packages.pu.requires.length : 6                                                 
                 app.packages.pu.version : 1.0.0                                             
             app.packages.theme-base.css : true                                              
        app.packages.theme-base.included : true                                              
       app.packages.theme-base.namespace : Ext                                               
        app.packages.theme-base.required : true                                              
        app.packages.theme-base.requires : ext,core,classic                                  
      app.packages.theme-base.requires.0 : ext                                               
      app.packages.theme-base.requires.1 : core                                              
      app.packages.theme-base.requires.2 : classic                                           
 app.packages.theme-base.requires.length : 3                                                 
         app.packages.theme-base.version : 6.5.1.345                                         
          app.packages.theme-neptune.css : true                                              
       app.packages.theme-neptune.extend : theme-neutral                                     
     app.packages.theme-neptune.included : true                                              
    app.packages.theme-neptune.namespace : Ext                                               
     app.packages.theme-neptune.required : true                                              
     app.packages.theme-neptune.requires : ext,core,classic,theme-base,theme-neutral         
   app.packages.theme-neptune.requires.0 : ext                                               
   app.packages.theme-neptune.requires.1 : core                                              
   app.packages.theme-neptune.requires.2 : classic                                           
   app.packages.theme-neptune.requires.3 : theme-base                                        
   app.packages.theme-neptune.requires.4 : theme-neutral                                     
app.packages.theme-neptune.requires.length : 5                                                 
      app.packages.theme-neptune.version : 6.5.1.345                                         
          app.packages.theme-neutral.css : true                                              
       app.packages.theme-neutral.extend : theme-base                                        
     app.packages.theme-neutral.included : true                                              
    app.packages.theme-neutral.namespace : Ext                                               
     app.packages.theme-neutral.required : true                                              
     app.packages.theme-neutral.requires : ext,core,classic,theme-base                       
   app.packages.theme-neutral.requires.0 : ext                                               
   app.packages.theme-neutral.requires.1 : core                                              
   app.packages.theme-neutral.requires.2 : classic                                           
   app.packages.theme-neutral.requires.3 : theme-base                                        
app.packages.theme-neutral.requires.length : 4                                                 
      app.packages.theme-neutral.version : 6.5.1.345                                         
                     app.packages.ux.css : true                                              
                app.packages.ux.included : true                                              
               app.packages.ux.namespace : Ext                                               
                app.packages.ux.required : true                                              
                app.packages.ux.requires : ext,core,classic                                  
              app.packages.ux.requires.0 : ext                                               
              app.packages.ux.requires.1 : core                                              
              app.packages.ux.requires.2 : classic                                           
         app.packages.ux.requires.length : 3                                                 
                 app.packages.ux.version : 6.5.1.345                                         
               app.phonegap.cache.enable : false                                             
                  app.phonegap.config.id : com.domain.PowerUmzug                             
                app.phonegap.config.name : PowerUmzug                                        
                app.phonegap.config.path : /Applications/MAMP/htdocs/PowerUmzug/build/development/PowerUmzug/phonegap
              app.phonegap.config.remote : false                                             
             app.phonegap.config.verbose : false                                             
                  app.phonegap.js.0.path : cordova.js                                        
              app.phonegap.js.0.priority : 1000                                              
                app.phonegap.js.0.remote : true                                              
                  app.phonegap.js.length : 1                                                 
                app.phonegap.microloader : /Users/eugenmilo/bin/Sencha/Cmd/6.5.1.240/ant/build/app/Microloader.js
     app.phonegap.output.appCache.enable : false                                             
                app.phonegap.output.base : /Applications/MAMP/htdocs/PowerUmzug/build/development/PowerUmzug/phonegap/www
            app.phonegap.output.manifest : ${build.id}.json                                  
                app.phonegap.output.page : index.html                                        
             app.production.cache.enable : true                                              
          app.production.compressor.type : cmd                                               
                             app.profile :                                                   
                        app.sass.dynamic : true                                              
                        app.sass.fashion : true                                              
                 app.slicer.cache.enable : false                                             
        app.slicer.js.0.isWidgetManifest : true                                              
                    app.slicer.js.0.path : /Applications/MAMP/htdocs/PowerUmzug/build/development/PowerUmzug/sass/example/custom.js
                    app.slicer.js.length : 1                                                 
       app.slicer.output.appCache.enable : false                                             
                               app.theme : pu                                                
                             app.toolkit : classic                                           
                             app.version : 1.0.0.0                                           
                         app.watch.delay : 250                                               
                    buildenvironment.dir : /Applications/MAMP/htdocs/PowerUmzug/build/development/PowerUmzug
               buildenvironment.load.dir : /Applications/MAMP/htdocs/PowerUmzug/build/development/PowerUmzug
                          cmd.config.dir : /Users/eugenmilo/bin/Sencha/Cmd/6.5.1.240         
                                 cmd.dir : /Users/eugenmilo/bin/Sencha/Cmd/6.5.1.240         
                    cmd.framework.minver : 5.5.0                                             
                   cmd.framework.version : 99.99                                             
              cmd.merge.tool.args.araxis : -wait -merge -3 -a1 {base} {user} {generated} {out}
              cmd.merge.tool.args.kdiff3 : {base} {user} {generated} -o {out}                
             cmd.merge.tool.args.p4merge : {base} {user} {generated} {out}                   
           cmd.merge.tool.args.smartsync : {user} {generated} {base}                         
          cmd.merge.tool.args.sourcegear : --merge --result={out} {user} {base} {generated}  
            cmd.merge.tool.args.tortoise : -base:{base} -theirs:{generated} -mine:{user} -merged:{out}
                              cmd.minver : 3.0.0.0                                           
                            cmd.platform : osx                                               
                     cmd.unicode.escapes : /Users/eugenmilo/bin/Sencha/Cmd/6.5.1.240/unicode-escapes.json
                             cmd.version : 6.5.1.240                                         
                            cmd.web.port : 1841                                              
                     config.skipDownload : true                                              
                      config.skipInherit : false                                             
                        ext.license.name : commercial                                        
                     framework.build.dir : ${package.output.base}                            
                     framework.classpath : ${package.dir}/src                                
                    framework.cmd.minver : 6.5.1.240                                         
                   framework.cmd.version : 6.5.1.240                                         
                 framework.compatVersion : 6.5.0                                             
                    framework.config.dir : /Users/eugenmilo/bin/Sencha/Cmd/6.5.1.240/plugins/ext/current
                       framework.creator : Sencha                                            
           framework.detailedDescription : Sencha Ext JS JavaScript Framework                
                           framework.dir : /Applications/MAMP/htdocs/PowerUmzug/ext          
                  framework.example.apps : admin-dashboard,executive-dashboard,feed-viewer,kitchensink,calendar,classic/desktop,classic/ticket-app,classic/portal,classic/simple-tasks,classic/responsive-app,classic/aria,modern/addressbook,modern/blackberry,modern/energy,modern/stockapp,modern/states,modern/geocongress,modern/oreilly
                framework.example.apps.0 : admin-dashboard                                   
                framework.example.apps.1 : executive-dashboard                               
               framework.example.apps.10 : classic/aria                                      
               framework.example.apps.11 : modern/addressbook                                
               framework.example.apps.12 : modern/blackberry                                 
               framework.example.apps.13 : modern/energy                                     
               framework.example.apps.14 : modern/stockapp                                   
               framework.example.apps.15 : modern/states                                     
               framework.example.apps.16 : modern/geocongress                                
               framework.example.apps.17 : modern/oreilly                                    
                framework.example.apps.2 : feed-viewer                                       
                framework.example.apps.3 : kitchensink                                       
                framework.example.apps.4 : calendar                                          
                framework.example.apps.5 : classic/desktop                                   
                framework.example.apps.6 : classic/ticket-app                                
                framework.example.apps.7 : classic/portal                                    
                framework.example.apps.8 : classic/simple-tasks                              
                framework.example.apps.9 : classic/responsive-app                            
           framework.example.apps.length : 18                                                
                  framework.example.path : examples,templates                                
                framework.example.path.0 : examples                                          
                framework.example.path.1 : templates                                         
           framework.example.path.length : 2                                                 
                        framework.format : 1                                                 
                          framework.isV5 : true                                              
                          framework.isV6 : true                                              
                         framework.isV62 : true                                              
                         framework.isV65 : true                                              
                          framework.name : ext                                               
                     framework.namespace : Ext                                               
                        framework.output : ${package.dir}/build                              
                     framework.overrides : ${package.dir}/overrides                          
                  framework.packages.dir : /Applications/MAMP/htdocs/PowerUmzug/ext/packages/,/Applications/MAMP/htdocs/PowerUmzug/ext/classic
                framework.resource.paths : resources                                         
              framework.resource.paths.0 : resources                                         
         framework.resource.paths.length : 1                                                 
                      framework.sass.etc : ${package.dir}/sass/etc/all.scss                  
                  framework.sass.fashion : true                                              
                framework.sass.namespace : Ext                                               
                      framework.sass.src : ${package.dir}/sass/src                           
                      framework.sass.var : ${package.dir}/sass/var                           
        framework.signatures.0.algorithm : SHA1withRSA                                       
          framework.signatures.0.created : 2017-07-19T00:03:06Z                              
             framework.signatures.0.name : Sencha                                            
            framework.signatures.0.nonce : GRZzeN1b43k=                                      
        framework.signatures.0.signature : qb40vXSR2hjrkP1/8vvt2WB3qxIUcKzDVdOz6dnVRjV0UUEpqK20H4YrXAbMgwIxh1Jbxv6c+J2a+IAGSjsm+s+iFxU3fhdkJwsh/x33e8peTakitmy3txMagR3rKZiL+yxInbpVITTnQ/ndL659LMjiKkqXpimePFKBAd3cVGq9x/ZUBXSu8usn6P8o1rhjdyG2oKzY3urvKLpCaWGrbGH+5aXnSXR0Ru9/if20ckbG4X4TLLfZhM18EbLdUg5ozUy3cper2zCIr1+c09pPYtsRdj9D4e0+2MLLf2TO92R78TOtvZDPkOO6Nzx3fC8ubOZsEAY4WHqLxBEFeG+X0A==
             framework.signatures.0.uuid : 1d6b0d9c-3333-4e65-885f-5b07a1fc3198              
             framework.signatures.length : 1                                                 
                   framework.subpkgs.dir : ${package.dir}                                    
              framework.subpkgs.packages : classic/classic,modern/modern,packages/charts,packages/amf,packages/soap,packages/ux,packages/google,packages/legacy,packages/font-awesome,packages/font-pictos,packages/font-ext
            framework.subpkgs.packages.0 : classic/classic                                   
            framework.subpkgs.packages.1 : modern/modern                                     
           framework.subpkgs.packages.10 : packages/font-ext                                 
            framework.subpkgs.packages.2 : packages/charts                                   
            framework.subpkgs.packages.3 : packages/amf                                      
            framework.subpkgs.packages.4 : packages/soap                                     
            framework.subpkgs.packages.5 : packages/ux                                       
            framework.subpkgs.packages.6 : packages/google                                   
            framework.subpkgs.packages.7 : packages/legacy                                   
            framework.subpkgs.packages.8 : packages/font-awesome                             
            framework.subpkgs.packages.9 : packages/font-pictos                              
       framework.subpkgs.packages.length : 11                                                
                       framework.summary : Ext JS                                            
                          framework.type : framework                                         
                       framework.version : 6.5.1.345                                         
                       inspector.address : http://localhost:1839/                            
                             locale.name : de                                                
                            minimal.mode : true                                              
                    package.sass.dynamic : true                                              
                          repo.local.dir : /Users/eugenmilo/bin/Sencha/Cmd/repo              
                       shared.sencha.dir : true                                              
        system.java.net.useSystemProxies : true                                              
                              theme.name : pu                                                
                            toolkit.name : classic                                           
                          workspace.apps :                                                   
                        workspace.apps.0 :                                                   
                   workspace.apps.length : 1                                                 
                     workspace.build.dir : /Applications/MAMP/htdocs/PowerUmzug/build        
                    workspace.config.dir : /Users/eugenmilo/bin/Sencha/Cmd/6.5.1.240/ant/build/workspace
                           workspace.dir : /Applications/MAMP/htdocs/PowerUmzug              
           workspace.frameworks.ext.path : /Applications/MAMP/htdocs/PowerUmzug/ext          
        workspace.frameworks.ext.version : 6.5.1.345                                         
                  workspace.packages.dir : /Applications/MAMP/htdocs/PowerUmzug/packages/local,/Applications/MAMP/htdocs/PowerUmzug/packages
              workspace.packages.extract : /Applications/MAMP/htdocs/PowerUmzug/packages/remote

Exception information:
=======================
/Users/eugenmilo/bin/Sencha/Cmd/6.5.1.240/plugin.xml:378: The following error occurred while executing this line:
java.io.FileNotFoundException: /Applications/MAMP/htdocs/PowerUmzug/build/development/PowerUmzug/build.xml (No such file or directory)
     at com.sencha.ant.AntScript.execute(AntScript.java:121)
     at com.sencha.command.plugin.PluginManager.execute(PluginManager.java:104)
     at com.sencha.command.plugin.PluginManager.executeReverseFirst(PluginManager.java:145)
     at com.sencha.command.environment.BuildEnvironment.execute(BuildEnvironment.java:308)
     at com.sencha.command.environment.AppOrPackageEnvironment.execute(AppOrPackageEnvironment.java:729)
     at com.sencha.command.BasePluginCommands$BasePluginCommand.doExecute(BasePluginCommands.java:125)
     at com.sencha.command.app.AppCommands$BuildCommand.execute(AppCommands.java:470)
     at com.sencha.command.app.AppCommands$WatchCommand.execute(AppCommands.java:909)
     at sun.reflect.NativeMethodAccessorImpl.invoke0(Native Method)
     at sun.reflect.NativeMethodAccessorImpl.invoke(NativeMethodAccessorImpl.java:62)
     at sun.reflect.DelegatingMethodAccessorImpl.invoke(DelegatingMethodAccessorImpl.java:43)
     at java.lang.reflect.Method.invoke(Method.java:497)
     at com.sencha.util.MethodInvoker$Arguments.invoke(MethodInvoker.java:175)
     at com.sencha.cli.Command.dispatch(Command.java:43)
     at com.sencha.command.BasePluginCommands$BasePluginCommand.dispatch(BasePluginCommands.java:289)
     at com.sencha.cli.Commands.dispatch(Commands.java:64)
     at com.sencha.cli.Commands.dispatch(Commands.java:64)
     at com.sencha.command.Sencha.dispatch(Sencha.java:80)
     at com.sencha.command.Sencha.main(Sencha.java:147)
     at sun.reflect.NativeMethodAccessorImpl.invoke0(Native Method)
     at sun.reflect.NativeMethodAccessorImpl.invoke(NativeMethodAccessorImpl.java:62)
     at sun.reflect.DelegatingMethodAccessorImpl.invoke(DelegatingMethodAccessorImpl.java:43)
     at java.lang.reflect.Method.invoke(Method.java:497)
     at com.exe4j.runtime.LauncherEngine.launch(LauncherEngine.java:65)
     at com.install4j.runtime.launcher.UnixLauncher.main(UnixLauncher.java:57)
   Caused by: The following error occurred while executing this line:
java.io.FileNotFoundException: /Applications/MAMP/htdocs/PowerUmzug/build/development/PowerUmzug/build.xml (No such file or directory)
     at org.apache.tools.ant.ProjectHelper.addLocationToBuildException(ProjectHelper.java:551)
     at org.apache.tools.ant.taskdefs.Ant.execute(Ant.java:395)
     at org.apache.tools.ant.UnknownElement.execute(UnknownElement.java:291)
     at sun.reflect.GeneratedMethodAccessor34.invoke(Unknown Source)
     at sun.reflect.DelegatingMethodAccessorImpl.invoke(DelegatingMethodAccessorImpl.java:43)
     at java.lang.reflect.Method.invoke(Method.java:497)
     at org.apache.tools.ant.dispatch.DispatchUtils.execute(DispatchUtils.java:106)
     at org.apache.tools.ant.Task.perform(Task.java:348)
     at org.apache.tools.ant.taskdefs.Sequential.execute(Sequential.java:68)
     at net.sf.antcontrib.logic.IfTask.execute(IfTask.java:217)
     at sun.reflect.NativeMethodAccessorImpl.invoke0(Native Method)
     at sun.reflect.NativeMethodAccessorImpl.invoke(NativeMethodAccessorImpl.java:62)
     at sun.reflect.DelegatingMethodAccessorImpl.invoke(DelegatingMethodAccessorImpl.java:43)
     at java.lang.reflect.Method.invoke(Method.java:497)
     at org.apache.tools.ant.dispatch.DispatchUtils.execute(DispatchUtils.java:106)
     at org.apache.tools.ant.TaskAdapter.execute(TaskAdapter.java:154)
     at org.apache.tools.ant.UnknownElement.execute(UnknownElement.java:291)
     at sun.reflect.NativeMethodAccessorImpl.invoke0(Native Method)
     at sun.reflect.NativeMethodAccessorImpl.invoke(NativeMethodAccessorImpl.java:62)
     at sun.reflect.DelegatingMethodAccessorImpl.invoke(DelegatingMethodAccessorImpl.java:43)
     at java.lang.reflect.Method.invoke(Method.java:497)
     at org.apache.tools.ant.dispatch.DispatchUtils.execute(DispatchUtils.java:106)
     at org.apache.tools.ant.Task.perform(Task.java:348)
     at org.apache.tools.ant.Target.execute(Target.java:392)
     at org.apache.tools.ant.Target.performTasks(Target.java:413)
     at org.apache.tools.ant.Project.executeSortedTargets(Project.java:1399)
     at org.apache.tools.ant.Project.executeTarget(Project.java:1368)
     at org.apache.tools.ant.helper.DefaultExecutor.executeTargets(DefaultExecutor.java:41)
     at org.apache.tools.ant.Project.executeTargets(Project.java:1251)
     at com.sencha.ant.AntScript.execute(AntScript.java:117)
     at com.sencha.command.plugin.PluginManager.execute(PluginManager.java:104)
     at com.sencha.command.plugin.PluginManager.executeReverseFirst(PluginManager.java:145)
     at com.sencha.command.environment.BuildEnvironment.execute(BuildEnvironment.java:308)
     at com.sencha.command.environment.AppOrPackageEnvironment.execute(AppOrPackageEnvironment.java:729)
     at com.sencha.command.BasePluginCommands$BasePluginCommand.doExecute(BasePluginCommands.java:125)
     at com.sencha.command.app.AppCommands$BuildCommand.execute(AppCommands.java:470)
     at com.sencha.command.app.AppCommands$WatchCommand.execute(AppCommands.java:909)
     at sun.reflect.NativeMethodAccessorImpl.invoke0(Native Method)
     at sun.reflect.NativeMethodAccessorImpl.invoke(NativeMethodAccessorImpl.java:62)
     at sun.reflect.DelegatingMethodAccessorImpl.invoke(DelegatingMethodAccessorImpl.java:43)
     at java.lang.reflect.Method.invoke(Method.java:497)
     at com.sencha.util.MethodInvoker$Arguments.invoke(MethodInvoker.java:175)
     at com.sencha.cli.Command.dispatch(Command.java:43)
     at com.sencha.command.BasePluginCommands$BasePluginCommand.dispatch(BasePluginCommands.java:289)
     at com.sencha.cli.Commands.dispatch(Commands.java:64)
     at com.sencha.cli.Commands.dispatch(Commands.java:64)
     at com.sencha.command.Sencha.dispatch(Sencha.java:80)
     at com.sencha.command.Sencha.main(Sencha.java:147)
     at sun.reflect.NativeMethodAccessorImpl.invoke0(Native Method)
     at sun.reflect.NativeMethodAccessorImpl.invoke(NativeMethodAccessorImpl.java:62)
     at sun.reflect.DelegatingMethodAccessorImpl.invoke(DelegatingMethodAccessorImpl.java:43)
     at java.lang.reflect.Method.invoke(Method.java:497)
     at com.exe4j.runtime.LauncherEngine.launch(LauncherEngine.java:65)
     at com.install4j.runtime.launcher.UnixLauncher.main(UnixLauncher.java:57)
   Caused by: java.io.FileNotFoundException: /Applications/MAMP/htdocs/PowerUmzug/build/development/PowerUmzug/build.xml (No such file or directory)
     at org.apache.tools.ant.helper.ProjectHelper2.parse(ProjectHelper2.java:328)
     at org.apache.tools.ant.helper.ProjectHelper2.parse(ProjectHelper2.java:178)
     at org.apache.tools.ant.ProjectHelper.configureProject(ProjectHelper.java:82)
     at org.apache.tools.ant.taskdefs.Ant.execute(Ant.java:393)
     at org.apache.tools.ant.UnknownElement.execute(UnknownElement.java:291)
     at sun.reflect.GeneratedMethodAccessor34.invoke(Unknown Source)
     at sun.reflect.DelegatingMethodAccessorImpl.invoke(DelegatingMethodAccessorImpl.java:43)
     at java.lang.reflect.Method.invoke(Method.java:497)
     at org.apache.tools.ant.dispatch.DispatchUtils.execute(DispatchUtils.java:106)
     at org.apache.tools.ant.Task.perform(Task.java:348)
     at org.apache.tools.ant.taskdefs.Sequential.execute(Sequential.java:68)
     at net.sf.antcontrib.logic.IfTask.execute(IfTask.java:217)
     at sun.reflect.NativeMethodAccessorImpl.invoke0(Native Method)
     at sun.reflect.NativeMethodAccessorImpl.invoke(NativeMethodAccessorImpl.java:62)
     at sun.reflect.DelegatingMethodAccessorImpl.invoke(DelegatingMethodAccessorImpl.java:43)
     at java.lang.reflect.Method.invoke(Method.java:497)
     at org.apache.tools.ant.dispatch.DispatchUtils.execute(DispatchUtils.java:106)
     at org.apache.tools.ant.TaskAdapter.execute(TaskAdapter.java:154)
     at org.apache.tools.ant.UnknownElement.execute(UnknownElement.java:291)
     at sun.reflect.NativeMethodAccessorImpl.invoke0(Native Method)
     at sun.reflect.NativeMethodAccessorImpl.invoke(NativeMethodAccessorImpl.java:62)
     at sun.reflect.DelegatingMethodAccessorImpl.invoke(DelegatingMethodAccessorImpl.java:43)
     at java.lang.reflect.Method.invoke(Method.java:497)
     at org.apache.tools.ant.dispatch.DispatchUtils.execute(DispatchUtils.java:106)
     at org.apache.tools.ant.Task.perform(Task.java:348)
     at org.apache.tools.ant.Target.execute(Target.java:392)
     at org.apache.tools.ant.Target.performTasks(Target.java:413)
     at org.apache.tools.ant.Project.executeSortedTargets(Project.java:1399)
     at org.apache.tools.ant.Project.executeTarget(Project.java:1368)
     at org.apache.tools.ant.helper.DefaultExecutor.executeTargets(DefaultExecutor.java:41)
     at org.apache.tools.ant.Project.executeTargets(Project.java:1251)
     at com.sencha.ant.AntScript.execute(AntScript.java:117)
     at com.sencha.command.plugin.PluginManager.execute(PluginManager.java:104)
     at com.sencha.command.plugin.PluginManager.executeReverseFirst(PluginManager.java:145)
     at com.sencha.command.environment.BuildEnvironment.execute(BuildEnvironment.java:308)
     at com.sencha.command.environment.AppOrPackageEnvironment.execute(AppOrPackageEnvironment.java:729)
     at com.sencha.command.BasePluginCommands$BasePluginCommand.doExecute(BasePluginCommands.java:125)
     at com.sencha.command.app.AppCommands$BuildCommand.execute(AppCommands.java:470)
     at com.sencha.command.app.AppCommands$WatchCommand.execute(AppCommands.java:909)
     at sun.reflect.NativeMethodAccessorImpl.invoke0(Native Method)
     at sun.reflect.NativeMethodAccessorImpl.invoke(NativeMethodAccessorImpl.java:62)
     at sun.reflect.DelegatingMethodAccessorImpl.invoke(DelegatingMethodAccessorImpl.java:43)
     at java.lang.reflect.Method.invoke(Method.java:497)
     at com.sencha.util.MethodInvoker$Arguments.invoke(MethodInvoker.java:175)
     at com.sencha.cli.Command.dispatch(Command.java:43)
     at com.sencha.command.BasePluginCommands$BasePluginCommand.dispatch(BasePluginCommands.java:289)
     at com.sencha.cli.Commands.dispatch(Commands.java:64)
     at com.sencha.cli.Commands.dispatch(Commands.java:64)
     at com.sencha.command.Sencha.dispatch(Sencha.java:80)
     at com.sencha.command.Sencha.main(Sencha.java:147)
     at sun.reflect.NativeMethodAccessorImpl.invoke0(Native Method)
     at sun.reflect.NativeMethodAccessorImpl.invoke(NativeMethodAccessorImpl.java:62)
     at sun.reflect.DelegatingMethodAccessorImpl.invoke(DelegatingMethodAccessorImpl.java:43)
     at java.lang.reflect.Method.invoke(Method.java:497)
     at com.exe4j.runtime.LauncherEngine.launch(LauncherEngine.java:65)
     at com.install4j.runtime.launcher.UnixLauncher.main(UnixLauncher.java:57)
   Caused by: /Applications/MAMP/htdocs/PowerUmzug/build/development/PowerUmzug/build.xml (No such file or directory)
     at java.io.FileInputStream.open0(Native Method)
     at java.io.FileInputStream.open(FileInputStream.java:195)
     at java.io.FileInputStream.<init>(FileInputStream.java:138)
     at org.apache.tools.ant.helper.ProjectHelper2.parse(ProjectHelper2.java:278)
     at org.apache.tools.ant.helper.ProjectHelper2.parse(ProjectHelper2.java:178)
     at org.apache.tools.ant.ProjectHelper.configureProject(ProjectHelper.java:82)
     at org.apache.tools.ant.taskdefs.Ant.execute(Ant.java:393)
     at org.apache.tools.ant.UnknownElement.execute(UnknownElement.java:291)
     at sun.reflect.GeneratedMethodAccessor34.invoke(Unknown Source)
     at sun.reflect.DelegatingMethodAccessorImpl.invoke(DelegatingMethodAccessorImpl.java:43)
     at java.lang.reflect.Method.invoke(Method.java:497)
     at org.apache.tools.ant.dispatch.DispatchUtils.execute(DispatchUtils.java:106)
     at org.apache.tools.ant.Task.perform(Task.java:348)
     at org.apache.tools.ant.taskdefs.Sequential.execute(Sequential.java:68)
     at net.sf.antcontrib.logic.IfTask.execute(IfTask.java:217)
     at sun.reflect.NativeMethodAccessorImpl.invoke0(Native Method)
     at sun.reflect.NativeMethodAccessorImpl.invoke(NativeMethodAccessorImpl.java:62)
     at sun.reflect.DelegatingMethodAccessorImpl.invoke(DelegatingMethodAccessorImpl.java:43)
     at java.lang.reflect.Method.invoke(Method.java:497)
     at org.apache.tools.ant.dispatch.DispatchUtils.execute(DispatchUtils.java:106)
     at org.apache.tools.ant.TaskAdapter.execute(TaskAdapter.java:154)
     at org.apache.tools.ant.UnknownElement.execute(UnknownElement.java:291)
     at sun.reflect.NativeMethodAccessorImpl.invoke0(Native Method)
     at sun.reflect.NativeMethodAccessorImpl.invoke(NativeMethodAccessorImpl.java:62)
     at sun.reflect.DelegatingMethodAccessorImpl.invoke(DelegatingMethodAccessorImpl.java:43)
     at java.lang.reflect.Method.invoke(Method.java:497)
     at org.apache.tools.ant.dispatch.DispatchUtils.execute(DispatchUtils.java:106)
     at org.apache.tools.ant.Task.perform(Task.java:348)
     at org.apache.tools.ant.Target.execute(Target.java:392)
     at org.apache.tools.ant.Target.performTasks(Target.java:413)
     at org.apache.tools.ant.Project.executeSortedTargets(Project.java:1399)
     at org.apache.tools.ant.Project.executeTarget(Project.java:1368)
     at org.apache.tools.ant.helper.DefaultExecutor.executeTargets(DefaultExecutor.java:41)
     at org.apache.tools.ant.Project.executeTargets(Project.java:1251)
     at com.sencha.ant.AntScript.execute(AntScript.java:117)
     at com.sencha.command.plugin.PluginManager.execute(PluginManager.java:104)
     at com.sencha.command.plugin.PluginManager.executeReverseFirst(PluginManager.java:145)
     at com.sencha.command.environment.BuildEnvironment.execute(BuildEnvironment.java:308)
     at com.sencha.command.environment.AppOrPackageEnvironment.execute(AppOrPackageEnvironment.java:729)
     at com.sencha.command.BasePluginCommands$BasePluginCommand.doExecute(BasePluginCommands.java:125)
     at com.sencha.command.app.AppCommands$BuildCommand.execute(AppCommands.java:470)
     at com.sencha.command.app.AppCommands$WatchCommand.execute(AppCommands.java:909)
     at sun.reflect.NativeMethodAccessorImpl.invoke0(Native Method)
     at sun.reflect.NativeMethodAccessorImpl.invoke(NativeMethodAccessorImpl.java:62)
     at sun.reflect.DelegatingMethodAccessorImpl.invoke(DelegatingMethodAccessorImpl.java:43)
     at java.lang.reflect.Method.invoke(Method.java:497)
     at com.sencha.util.MethodInvoker$Arguments.invoke(MethodInvoker.java:175)
     at com.sencha.cli.Command.dispatch(Command.java:43)
     at com.sencha.command.BasePluginCommands$BasePluginCommand.dispatch(BasePluginCommands.java:289)
     at com.sencha.cli.Commands.dispatch(Commands.java:64)
     at com.sencha.cli.Commands.dispatch(Commands.java:64)
     at com.sencha.command.Sencha.dispatch(Sencha.java:80)
     at com.sencha.command.Sencha.main(Sencha.java:147)
     at sun.reflect.NativeMethodAccessorImpl.invoke0(Native Method)
     at sun.reflect.NativeMethodAccessorImpl.invoke(NativeMethodAccessorImpl.java:62)
     at sun.reflect.DelegatingMethodAccessorImpl.invoke(DelegatingMethodAccessorImpl.java:43)
     at java.lang.reflect.Method.invoke(Method.java:497)
     at com.exe4j.runtime.LauncherEngine.launch(LauncherEngine.java:65)
     at com.install4j.runtime.launcher.UnixLauncher.main(UnixLauncher.java:57)

